<?xml version="1.0" encoding="UTF-8"?>
<testsuites name="Login V2" time="69.91" tests="3" failures="0" errors="0">
   <testsuite name="Login V2" tests="3" failures="0" errors="0" time="69.91" skipped="0" timestamp="21-01-2025T18:44:34" hostname="jamal - Jamal-HP" id="Test Suites/Login V2">
      <properties>
         <property name="deviceName" value=""/>
         <property name="devicePlatform"/>
         <property name="logFolder" value="/home/jamal/Downloads/Belajar/latihankubelajargit/Katalon Learn - Cura Web Project/Reports/20250121_184426/Login V2/20250121_184427"/>
         <property name="logFiles" value="/home/jamal/Downloads/Belajar/latihankubelajargit/Katalon Learn - Cura Web Project/Reports/20250121_184426/Login V2/20250121_184427/execution0.log"/>
         <property name="attachments" value=""/>
         <property name="hostName" value="jamal - Jamal-HP"/>
         <property name="os" value="Linux 64bit"/>
         <property name="katalonVersion" value="10.0.1.223"/>
         <property name="browser" value="Chrome 132.0.0.0"/>
         <property name="hostAddress" value="127.0.1.1"/>
         <property name="sessionId" value="327f764d7fe9dba89234868e80058e42"/>
         <property name="seleniumVersion" value="4.22.0"/>
         <property name="proxyInformation" value="ProxyInformation { proxyOption=NO_PROXY, proxyServerType=HTTP, username=, password=********, proxyServerAddress=, proxyServerPort=0, executionList=&quot;&quot;, isApplyToDesiredCapabilities=true }"/>
         <property name="platform" value="Linux"/>
      </properties>
      <testcase name="Test Cases/Login/Login V2" time="24.983" classname="Test Cases/Login/Login V2" status="PASSED">
         <system-out><![CDATA[21-01-2025T18:44:35 - [TEST_CASE][PASSED] - Test Cases/Login/Login V2: Test Cases/Login/Login V2

21-01-2025T18:44:35 - [TEST_STEP][PASSED] - testdata = findTestData("Data Files/Test Data Login V2"): null

21-01-2025T18:44:36 - [TEST_STEP][PASSED] - for ([i = 1, i <= testdata.getRowNumbers(), (i++)]): Browser is closed

21-01-2025T18:44:36 - [TEST_STEP][PASSED] - username = testdata.getValue(1, i): null

21-01-2025T18:44:36 - [TEST_STEP][PASSED] - password = testdata.getValue(2, i): null

21-01-2025T18:44:36 - [TEST_STEP][PASSED] - expectedResult = testdata.getValue(3, i): null

21-01-2025T18:44:36 - [TEST_STEP][PASSED] - comment("Testing with username : " + username + " dan password : " + password): Testing with username : John Doe dan password : ThisIsNotAPassword

21-01-2025T18:44:36 - [MESSAGE][INFO] - Testing with username : John Doe dan password : ThisIsNotAPassword

21-01-2025T18:44:36 - [TEST_STEP][PASSED] - openBrowser(""): Browser is opened with url: ''

21-01-2025T18:44:36 - [MESSAGE][INFO] - Starting 'Chrome' driver

21-01-2025T18:44:36 - [MESSAGE][INFO] - Action delay is set to 0 milliseconds

21-01-2025T18:44:38 - [MESSAGE][PASSED] - Browser is opened with url: ''

21-01-2025T18:44:38 - [TEST_STEP][PASSED] - navigateToUrl("https://katalon-demo-cura.herokuapp.com/"): Navigate to 'https://katalon-demo-cura.herokuapp.com/' successfully

21-01-2025T18:44:41 - [MESSAGE][PASSED] - Navigate to 'https://katalon-demo-cura.herokuapp.com/' successfully

21-01-2025T18:44:41 - [TEST_STEP][PASSED] - click(findTestObject("Object Repository/Login V2/Page_CURA Healthcare Service/a_Make Appointment")): Object: 'Object Repository/Login V2/Page_CURA Healthcare Service/a_Make Appointment' is clicked on

21-01-2025T18:44:42 - [MESSAGE][PASSED] - Object: 'Object Repository/Login V2/Page_CURA Healthcare Service/a_Make Appointment' is clicked on

21-01-2025T18:44:42 - [TEST_STEP][PASSED] - setText(findTestObject("Object Repository/Login V2/Page_CURA Healthcare Service/input_Username_username"), username): Text 'John Doe' is set on object 'Object Repository/Login V2/Page_CURA Healthcare Service/input_Username_username'

21-01-2025T18:44:43 - [MESSAGE][PASSED] - Text 'John Doe' is set on object 'Object Repository/Login V2/Page_CURA Healthcare Service/input_Username_username'

21-01-2025T18:44:43 - [TEST_STEP][PASSED] - setText(findTestObject("Object Repository/Login V2/Page_CURA Healthcare Service/input_Password_password"), password): Text 'ThisIsNotAPassword' is set on object 'Object Repository/Login V2/Page_CURA Healthcare Service/input_Password_password'

21-01-2025T18:44:43 - [MESSAGE][PASSED] - Text 'ThisIsNotAPassword' is set on object 'Object Repository/Login V2/Page_CURA Healthcare Service/input_Password_password'

21-01-2025T18:44:43 - [TEST_STEP][PASSED] - click(findTestObject("Object Repository/Login V2/Page_CURA Healthcare Service/button_Login")): Object: 'Object Repository/Login V2/Page_CURA Healthcare Service/button_Login' is clicked on

21-01-2025T18:44:44 - [MESSAGE][PASSED] - Object: 'Object Repository/Login V2/Page_CURA Healthcare Service/button_Login' is clicked on

21-01-2025T18:44:44 - [TEST_STEP][PASSED] - if (expectedResult == "Failure"): null

21-01-2025T18:44:44 - [TEST_STEP][PASSED] - else if (expectedResult == "Success"): null

21-01-2025T18:44:44 - [TEST_STEP][PASSED] - verifyElementNotPresent(findTestObject("Object Repository/Login V2/Page_CURA Healthcare Service/p_Login failed Please ensure the username a_eb55b5"), 0, STOP_ON_FAILURE): Web element with id: 'Object Repository/Login V2/Page_CURA Healthcare Service/p_Login failed Please ensure the username a_eb55b5' located by 'By.xpath: //section[@id='login']/div/div/div/p[2]' is not present after '30' second(s)

21-01-2025T18:44:44 - [MESSAGE][WARNING] - Timeout '0' is invalid. Using default page load timeout: '30'

21-01-2025T18:44:45 - [MESSAGE][PASSED] - Web element with id: 'Object Repository/Login V2/Page_CURA Healthcare Service/p_Login failed Please ensure the username a_eb55b5' located by 'By.xpath: //section[@id='login']/div/div/div/p[2]' is not present after '30' second(s)

21-01-2025T18:44:45 - [TEST_STEP][PASSED] - comment("Login Success"): Login Success

21-01-2025T18:44:45 - [MESSAGE][INFO] - Login Success

21-01-2025T18:44:45 - [TEST_STEP][PASSED] - message_success = "Login berhasil menggunakan username : " + username + " password : " + password: null

21-01-2025T18:44:45 - [TEST_STEP][PASSED] - println(message_success): null

21-01-2025T18:44:45 - [TEST_STEP][PASSED] - closeBrowser(): Browser is closed

21-01-2025T18:44:45 - [MESSAGE][PASSED] - Browser is closed

21-01-2025T18:44:45 - [TEST_STEP][PASSED] - username = testdata.getValue(1, i): null

21-01-2025T18:44:45 - [TEST_STEP][PASSED] - password = testdata.getValue(2, i): null

21-01-2025T18:44:45 - [TEST_STEP][PASSED] - expectedResult = testdata.getValue(3, i): null

21-01-2025T18:44:45 - [TEST_STEP][PASSED] - comment("Testing with username : " + username + " dan password : " + password): Testing with username : Jamal dan password : ludin

21-01-2025T18:44:45 - [MESSAGE][INFO] - Testing with username : Jamal dan password : ludin

21-01-2025T18:44:45 - [TEST_STEP][PASSED] - openBrowser(""): Browser is opened with url: ''

21-01-2025T18:44:45 - [MESSAGE][INFO] - Starting 'Chrome' driver

21-01-2025T18:44:45 - [MESSAGE][INFO] - Action delay is set to 0 milliseconds

21-01-2025T18:44:46 - [MESSAGE][PASSED] - Browser is opened with url: ''

21-01-2025T18:44:46 - [TEST_STEP][PASSED] - navigateToUrl("https://katalon-demo-cura.herokuapp.com/"): Navigate to 'https://katalon-demo-cura.herokuapp.com/' successfully

21-01-2025T18:44:49 - [MESSAGE][PASSED] - Navigate to 'https://katalon-demo-cura.herokuapp.com/' successfully

21-01-2025T18:44:49 - [TEST_STEP][PASSED] - click(findTestObject("Object Repository/Login V2/Page_CURA Healthcare Service/a_Make Appointment")): Object: 'Object Repository/Login V2/Page_CURA Healthcare Service/a_Make Appointment' is clicked on

21-01-2025T18:44:49 - [MESSAGE][PASSED] - Object: 'Object Repository/Login V2/Page_CURA Healthcare Service/a_Make Appointment' is clicked on

21-01-2025T18:44:49 - [TEST_STEP][PASSED] - setText(findTestObject("Object Repository/Login V2/Page_CURA Healthcare Service/input_Username_username"), username): Text 'Jamal' is set on object 'Object Repository/Login V2/Page_CURA Healthcare Service/input_Username_username'

21-01-2025T18:44:50 - [MESSAGE][PASSED] - Text 'Jamal' is set on object 'Object Repository/Login V2/Page_CURA Healthcare Service/input_Username_username'

21-01-2025T18:44:50 - [TEST_STEP][PASSED] - setText(findTestObject("Object Repository/Login V2/Page_CURA Healthcare Service/input_Password_password"), password): Text 'ludin' is set on object 'Object Repository/Login V2/Page_CURA Healthcare Service/input_Password_password'

21-01-2025T18:44:51 - [MESSAGE][PASSED] - Text 'ludin' is set on object 'Object Repository/Login V2/Page_CURA Healthcare Service/input_Password_password'

21-01-2025T18:44:51 - [TEST_STEP][PASSED] - click(findTestObject("Object Repository/Login V2/Page_CURA Healthcare Service/button_Login")): Object: 'Object Repository/Login V2/Page_CURA Healthcare Service/button_Login' is clicked on

21-01-2025T18:44:51 - [MESSAGE][PASSED] - Object: 'Object Repository/Login V2/Page_CURA Healthcare Service/button_Login' is clicked on

21-01-2025T18:44:51 - [TEST_STEP][PASSED] - if (expectedResult == "Failure"): null

21-01-2025T18:44:51 - [TEST_STEP][PASSED] - verifyElementPresent(findTestObject("Object Repository/Login V2/Page_CURA Healthcare Service/p_Login failed Please ensure the username a_eb55b5"), 0, STOP_ON_FAILURE): Object 'Object Repository/Login V2/Page_CURA Healthcare Service/p_Login failed Please ensure the username a_eb55b5' is present

21-01-2025T18:44:52 - [MESSAGE][WARNING] - Timeout '0' is invalid. Using default page load timeout: '30'

21-01-2025T18:44:52 - [MESSAGE][PASSED] - Object 'Object Repository/Login V2/Page_CURA Healthcare Service/p_Login failed Please ensure the username a_eb55b5' is present

21-01-2025T18:44:52 - [TEST_STEP][PASSED] - verifyElementText(findTestObject("Object Repository/Login V2/Page_CURA Healthcare Service/p_Login failed Please ensure the username a_eb55b5"), "Login failed! Please ensure the username and password are valid.", STOP_ON_FAILURE): Actual text and expected text of test object 'Object Repository/Login V2/Page_CURA Healthcare Service/p_Login failed Please ensure the username a_eb55b5' are matched.

21-01-2025T18:44:52 - [MESSAGE][PASSED] - Actual text and expected text of test object 'Object Repository/Login V2/Page_CURA Healthcare Service/p_Login failed Please ensure the username a_eb55b5' are matched.

21-01-2025T18:44:52 - [TEST_STEP][PASSED] - comment("Login Failed as Expected. Pesan Error ditampilkan dengan benar."): Login Failed as Expected. Pesan Error ditampilkan dengan benar.

21-01-2025T18:44:52 - [MESSAGE][INFO] - Login Failed as Expected. Pesan Error ditampilkan dengan benar.

21-01-2025T18:44:52 - [TEST_STEP][PASSED] - message_failure = "Login gagal menggunakan username : " + username + " dan password : " + password: null

21-01-2025T18:44:52 - [TEST_STEP][PASSED] - println(message_failure): null

21-01-2025T18:44:52 - [TEST_STEP][PASSED] - closeBrowser(): Browser is closed

21-01-2025T18:44:52 - [MESSAGE][PASSED] - Browser is closed

21-01-2025T18:44:52 - [TEST_STEP][PASSED] - username = testdata.getValue(1, i): null

21-01-2025T18:44:52 - [TEST_STEP][PASSED] - password = testdata.getValue(2, i): null

21-01-2025T18:44:52 - [TEST_STEP][PASSED] - expectedResult = testdata.getValue(3, i): null

21-01-2025T18:44:52 - [TEST_STEP][PASSED] - comment("Testing with username : " + username + " dan password : " + password): Testing with username : Eka dan password : Prasetyo

21-01-2025T18:44:52 - [MESSAGE][INFO] - Testing with username : Eka dan password : Prasetyo

21-01-2025T18:44:52 - [TEST_STEP][PASSED] - openBrowser(""): Browser is opened with url: ''

21-01-2025T18:44:52 - [MESSAGE][INFO] - Starting 'Chrome' driver

21-01-2025T18:44:52 - [MESSAGE][INFO] - Action delay is set to 0 milliseconds

21-01-2025T18:44:54 - [MESSAGE][PASSED] - Browser is opened with url: ''

21-01-2025T18:44:54 - [TEST_STEP][PASSED] - navigateToUrl("https://katalon-demo-cura.herokuapp.com/"): Navigate to 'https://katalon-demo-cura.herokuapp.com/' successfully

21-01-2025T18:44:56 - [MESSAGE][PASSED] - Navigate to 'https://katalon-demo-cura.herokuapp.com/' successfully

21-01-2025T18:44:56 - [TEST_STEP][PASSED] - click(findTestObject("Object Repository/Login V2/Page_CURA Healthcare Service/a_Make Appointment")): Object: 'Object Repository/Login V2/Page_CURA Healthcare Service/a_Make Appointment' is clicked on

21-01-2025T18:44:57 - [MESSAGE][PASSED] - Object: 'Object Repository/Login V2/Page_CURA Healthcare Service/a_Make Appointment' is clicked on

21-01-2025T18:44:57 - [TEST_STEP][PASSED] - setText(findTestObject("Object Repository/Login V2/Page_CURA Healthcare Service/input_Username_username"), username): Text 'Eka' is set on object 'Object Repository/Login V2/Page_CURA Healthcare Service/input_Username_username'

21-01-2025T18:44:58 - [MESSAGE][PASSED] - Text 'Eka' is set on object 'Object Repository/Login V2/Page_CURA Healthcare Service/input_Username_username'

21-01-2025T18:44:58 - [TEST_STEP][PASSED] - setText(findTestObject("Object Repository/Login V2/Page_CURA Healthcare Service/input_Password_password"), password): Text 'Prasetyo' is set on object 'Object Repository/Login V2/Page_CURA Healthcare Service/input_Password_password'

21-01-2025T18:44:58 - [MESSAGE][PASSED] - Text 'Prasetyo' is set on object 'Object Repository/Login V2/Page_CURA Healthcare Service/input_Password_password'

21-01-2025T18:44:58 - [TEST_STEP][PASSED] - click(findTestObject("Object Repository/Login V2/Page_CURA Healthcare Service/button_Login")): Object: 'Object Repository/Login V2/Page_CURA Healthcare Service/button_Login' is clicked on

21-01-2025T18:44:59 - [MESSAGE][PASSED] - Object: 'Object Repository/Login V2/Page_CURA Healthcare Service/button_Login' is clicked on

21-01-2025T18:44:59 - [TEST_STEP][PASSED] - if (expectedResult == "Failure"): null

21-01-2025T18:44:59 - [TEST_STEP][PASSED] - verifyElementPresent(findTestObject("Object Repository/Login V2/Page_CURA Healthcare Service/p_Login failed Please ensure the username a_eb55b5"), 0, STOP_ON_FAILURE): Object 'Object Repository/Login V2/Page_CURA Healthcare Service/p_Login failed Please ensure the username a_eb55b5' is present

21-01-2025T18:44:59 - [MESSAGE][WARNING] - Timeout '0' is invalid. Using default page load timeout: '30'

21-01-2025T18:44:59 - [MESSAGE][PASSED] - Object 'Object Repository/Login V2/Page_CURA Healthcare Service/p_Login failed Please ensure the username a_eb55b5' is present

21-01-2025T18:44:59 - [TEST_STEP][PASSED] - verifyElementText(findTestObject("Object Repository/Login V2/Page_CURA Healthcare Service/p_Login failed Please ensure the username a_eb55b5"), "Login failed! Please ensure the username and password are valid.", STOP_ON_FAILURE): Actual text and expected text of test object 'Object Repository/Login V2/Page_CURA Healthcare Service/p_Login failed Please ensure the username a_eb55b5' are matched.

21-01-2025T18:45:00 - [MESSAGE][PASSED] - Actual text and expected text of test object 'Object Repository/Login V2/Page_CURA Healthcare Service/p_Login failed Please ensure the username a_eb55b5' are matched.

21-01-2025T18:45:00 - [TEST_STEP][PASSED] - comment("Login Failed as Expected. Pesan Error ditampilkan dengan benar."): Login Failed as Expected. Pesan Error ditampilkan dengan benar.

21-01-2025T18:45:00 - [MESSAGE][INFO] - Login Failed as Expected. Pesan Error ditampilkan dengan benar.

21-01-2025T18:45:00 - [TEST_STEP][PASSED] - message_failure = "Login gagal menggunakan username : " + username + " dan password : " + password: null

21-01-2025T18:45:00 - [TEST_STEP][PASSED] - println(message_failure): null

21-01-2025T18:45:00 - [TEST_STEP][PASSED] - closeBrowser(): Browser is closed

21-01-2025T18:45:00 - [MESSAGE][PASSED] - Browser is closed]]></system-out>
         <system-err><![CDATA[]]></system-err>
      </testcase>
      <testcase name="Test Cases/Login/Login V2" time="21.236" classname="Test Cases/Login/Login V2" status="PASSED">
         <system-out><![CDATA[21-01-2025T18:45:00 - [TEST_CASE][PASSED] - Test Cases/Login/Login V2: Test Cases/Login/Login V2

21-01-2025T18:45:00 - [TEST_STEP][PASSED] - testdata = findTestData("Data Files/Test Data Login V2"): null

21-01-2025T18:45:00 - [TEST_STEP][PASSED] - for ([i = 1, i <= testdata.getRowNumbers(), (i++)]): Browser is closed

21-01-2025T18:45:00 - [TEST_STEP][PASSED] - username = testdata.getValue(1, i): null

21-01-2025T18:45:00 - [TEST_STEP][PASSED] - password = testdata.getValue(2, i): null

21-01-2025T18:45:00 - [TEST_STEP][PASSED] - expectedResult = testdata.getValue(3, i): null

21-01-2025T18:45:00 - [TEST_STEP][PASSED] - comment("Testing with username : " + username + " dan password : " + password): Testing with username : John Doe dan password : ThisIsNotAPassword

21-01-2025T18:45:00 - [MESSAGE][INFO] - Testing with username : John Doe dan password : ThisIsNotAPassword

21-01-2025T18:45:00 - [TEST_STEP][PASSED] - openBrowser(""): Browser is opened with url: ''

21-01-2025T18:45:00 - [MESSAGE][INFO] - Starting 'Chrome' driver

21-01-2025T18:45:00 - [MESSAGE][INFO] - Action delay is set to 0 milliseconds

21-01-2025T18:45:01 - [MESSAGE][PASSED] - Browser is opened with url: ''

21-01-2025T18:45:01 - [TEST_STEP][PASSED] - navigateToUrl("https://katalon-demo-cura.herokuapp.com/"): Navigate to 'https://katalon-demo-cura.herokuapp.com/' successfully

21-01-2025T18:45:04 - [MESSAGE][PASSED] - Navigate to 'https://katalon-demo-cura.herokuapp.com/' successfully

21-01-2025T18:45:04 - [TEST_STEP][PASSED] - click(findTestObject("Object Repository/Login V2/Page_CURA Healthcare Service/a_Make Appointment")): Object: 'Object Repository/Login V2/Page_CURA Healthcare Service/a_Make Appointment' is clicked on

21-01-2025T18:45:05 - [MESSAGE][PASSED] - Object: 'Object Repository/Login V2/Page_CURA Healthcare Service/a_Make Appointment' is clicked on

21-01-2025T18:45:05 - [TEST_STEP][PASSED] - setText(findTestObject("Object Repository/Login V2/Page_CURA Healthcare Service/input_Username_username"), username): Text 'John Doe' is set on object 'Object Repository/Login V2/Page_CURA Healthcare Service/input_Username_username'

21-01-2025T18:45:05 - [MESSAGE][PASSED] - Text 'John Doe' is set on object 'Object Repository/Login V2/Page_CURA Healthcare Service/input_Username_username'

21-01-2025T18:45:05 - [TEST_STEP][PASSED] - setText(findTestObject("Object Repository/Login V2/Page_CURA Healthcare Service/input_Password_password"), password): Text 'ThisIsNotAPassword' is set on object 'Object Repository/Login V2/Page_CURA Healthcare Service/input_Password_password'

21-01-2025T18:45:06 - [MESSAGE][PASSED] - Text 'ThisIsNotAPassword' is set on object 'Object Repository/Login V2/Page_CURA Healthcare Service/input_Password_password'

21-01-2025T18:45:06 - [TEST_STEP][PASSED] - click(findTestObject("Object Repository/Login V2/Page_CURA Healthcare Service/button_Login")): Object: 'Object Repository/Login V2/Page_CURA Healthcare Service/button_Login' is clicked on

21-01-2025T18:45:07 - [MESSAGE][PASSED] - Object: 'Object Repository/Login V2/Page_CURA Healthcare Service/button_Login' is clicked on

21-01-2025T18:45:07 - [TEST_STEP][PASSED] - if (expectedResult == "Failure"): null

21-01-2025T18:45:07 - [TEST_STEP][PASSED] - else if (expectedResult == "Success"): null

21-01-2025T18:45:07 - [TEST_STEP][PASSED] - verifyElementNotPresent(findTestObject("Object Repository/Login V2/Page_CURA Healthcare Service/p_Login failed Please ensure the username a_eb55b5"), 0, STOP_ON_FAILURE): Web element with id: 'Object Repository/Login V2/Page_CURA Healthcare Service/p_Login failed Please ensure the username a_eb55b5' located by 'By.xpath: //section[@id='login']/div/div/div/p[2]' is not present after '30' second(s)

21-01-2025T18:45:07 - [MESSAGE][WARNING] - Timeout '0' is invalid. Using default page load timeout: '30'

21-01-2025T18:45:07 - [MESSAGE][PASSED] - Web element with id: 'Object Repository/Login V2/Page_CURA Healthcare Service/p_Login failed Please ensure the username a_eb55b5' located by 'By.xpath: //section[@id='login']/div/div/div/p[2]' is not present after '30' second(s)

21-01-2025T18:45:07 - [TEST_STEP][PASSED] - comment("Login Success"): Login Success

21-01-2025T18:45:07 - [MESSAGE][INFO] - Login Success

21-01-2025T18:45:07 - [TEST_STEP][PASSED] - message_success = "Login berhasil menggunakan username : " + username + " password : " + password: null

21-01-2025T18:45:07 - [TEST_STEP][PASSED] - println(message_success): null

21-01-2025T18:45:07 - [TEST_STEP][PASSED] - closeBrowser(): Browser is closed

21-01-2025T18:45:07 - [MESSAGE][PASSED] - Browser is closed

21-01-2025T18:45:07 - [TEST_STEP][PASSED] - username = testdata.getValue(1, i): null

21-01-2025T18:45:07 - [TEST_STEP][PASSED] - password = testdata.getValue(2, i): null

21-01-2025T18:45:07 - [TEST_STEP][PASSED] - expectedResult = testdata.getValue(3, i): null

21-01-2025T18:45:07 - [TEST_STEP][PASSED] - comment("Testing with username : " + username + " dan password : " + password): Testing with username : Jamal dan password : ludin

21-01-2025T18:45:07 - [MESSAGE][INFO] - Testing with username : Jamal dan password : ludin

21-01-2025T18:45:07 - [TEST_STEP][PASSED] - openBrowser(""): Browser is opened with url: ''

21-01-2025T18:45:07 - [MESSAGE][INFO] - Starting 'Chrome' driver

21-01-2025T18:45:07 - [MESSAGE][INFO] - Action delay is set to 0 milliseconds

21-01-2025T18:45:08 - [MESSAGE][PASSED] - Browser is opened with url: ''

21-01-2025T18:45:08 - [TEST_STEP][PASSED] - navigateToUrl("https://katalon-demo-cura.herokuapp.com/"): Navigate to 'https://katalon-demo-cura.herokuapp.com/' successfully

21-01-2025T18:45:11 - [MESSAGE][PASSED] - Navigate to 'https://katalon-demo-cura.herokuapp.com/' successfully

21-01-2025T18:45:11 - [TEST_STEP][PASSED] - click(findTestObject("Object Repository/Login V2/Page_CURA Healthcare Service/a_Make Appointment")): Object: 'Object Repository/Login V2/Page_CURA Healthcare Service/a_Make Appointment' is clicked on

21-01-2025T18:45:11 - [MESSAGE][PASSED] - Object: 'Object Repository/Login V2/Page_CURA Healthcare Service/a_Make Appointment' is clicked on

21-01-2025T18:45:11 - [TEST_STEP][PASSED] - setText(findTestObject("Object Repository/Login V2/Page_CURA Healthcare Service/input_Username_username"), username): Text 'Jamal' is set on object 'Object Repository/Login V2/Page_CURA Healthcare Service/input_Username_username'

21-01-2025T18:45:12 - [MESSAGE][PASSED] - Text 'Jamal' is set on object 'Object Repository/Login V2/Page_CURA Healthcare Service/input_Username_username'

21-01-2025T18:45:12 - [TEST_STEP][PASSED] - setText(findTestObject("Object Repository/Login V2/Page_CURA Healthcare Service/input_Password_password"), password): Text 'ludin' is set on object 'Object Repository/Login V2/Page_CURA Healthcare Service/input_Password_password'

21-01-2025T18:45:12 - [MESSAGE][PASSED] - Text 'ludin' is set on object 'Object Repository/Login V2/Page_CURA Healthcare Service/input_Password_password'

21-01-2025T18:45:12 - [TEST_STEP][PASSED] - click(findTestObject("Object Repository/Login V2/Page_CURA Healthcare Service/button_Login")): Object: 'Object Repository/Login V2/Page_CURA Healthcare Service/button_Login' is clicked on

21-01-2025T18:45:13 - [MESSAGE][PASSED] - Object: 'Object Repository/Login V2/Page_CURA Healthcare Service/button_Login' is clicked on

21-01-2025T18:45:13 - [TEST_STEP][PASSED] - if (expectedResult == "Failure"): null

21-01-2025T18:45:13 - [TEST_STEP][PASSED] - verifyElementPresent(findTestObject("Object Repository/Login V2/Page_CURA Healthcare Service/p_Login failed Please ensure the username a_eb55b5"), 0, STOP_ON_FAILURE): Object 'Object Repository/Login V2/Page_CURA Healthcare Service/p_Login failed Please ensure the username a_eb55b5' is present

21-01-2025T18:45:13 - [MESSAGE][WARNING] - Timeout '0' is invalid. Using default page load timeout: '30'

21-01-2025T18:45:14 - [MESSAGE][PASSED] - Object 'Object Repository/Login V2/Page_CURA Healthcare Service/p_Login failed Please ensure the username a_eb55b5' is present

21-01-2025T18:45:14 - [TEST_STEP][PASSED] - verifyElementText(findTestObject("Object Repository/Login V2/Page_CURA Healthcare Service/p_Login failed Please ensure the username a_eb55b5"), "Login failed! Please ensure the username and password are valid.", STOP_ON_FAILURE): Actual text and expected text of test object 'Object Repository/Login V2/Page_CURA Healthcare Service/p_Login failed Please ensure the username a_eb55b5' are matched.

21-01-2025T18:45:14 - [MESSAGE][PASSED] - Actual text and expected text of test object 'Object Repository/Login V2/Page_CURA Healthcare Service/p_Login failed Please ensure the username a_eb55b5' are matched.

21-01-2025T18:45:14 - [TEST_STEP][PASSED] - comment("Login Failed as Expected. Pesan Error ditampilkan dengan benar."): Login Failed as Expected. Pesan Error ditampilkan dengan benar.

21-01-2025T18:45:14 - [MESSAGE][INFO] - Login Failed as Expected. Pesan Error ditampilkan dengan benar.

21-01-2025T18:45:14 - [TEST_STEP][PASSED] - message_failure = "Login gagal menggunakan username : " + username + " dan password : " + password: null

21-01-2025T18:45:14 - [TEST_STEP][PASSED] - println(message_failure): null

21-01-2025T18:45:14 - [TEST_STEP][PASSED] - closeBrowser(): Browser is closed

21-01-2025T18:45:14 - [MESSAGE][PASSED] - Browser is closed

21-01-2025T18:45:14 - [TEST_STEP][PASSED] - username = testdata.getValue(1, i): null

21-01-2025T18:45:14 - [TEST_STEP][PASSED] - password = testdata.getValue(2, i): null

21-01-2025T18:45:14 - [TEST_STEP][PASSED] - expectedResult = testdata.getValue(3, i): null

21-01-2025T18:45:14 - [TEST_STEP][PASSED] - comment("Testing with username : " + username + " dan password : " + password): Testing with username : Eka dan password : Prasetyo

21-01-2025T18:45:14 - [MESSAGE][INFO] - Testing with username : Eka dan password : Prasetyo

21-01-2025T18:45:14 - [TEST_STEP][PASSED] - openBrowser(""): Browser is opened with url: ''

21-01-2025T18:45:14 - [MESSAGE][INFO] - Starting 'Chrome' driver

21-01-2025T18:45:14 - [MESSAGE][INFO] - Action delay is set to 0 milliseconds

21-01-2025T18:45:15 - [MESSAGE][PASSED] - Browser is opened with url: ''

21-01-2025T18:45:15 - [TEST_STEP][PASSED] - navigateToUrl("https://katalon-demo-cura.herokuapp.com/"): Navigate to 'https://katalon-demo-cura.herokuapp.com/' successfully

21-01-2025T18:45:17 - [MESSAGE][PASSED] - Navigate to 'https://katalon-demo-cura.herokuapp.com/' successfully

21-01-2025T18:45:17 - [TEST_STEP][PASSED] - click(findTestObject("Object Repository/Login V2/Page_CURA Healthcare Service/a_Make Appointment")): Object: 'Object Repository/Login V2/Page_CURA Healthcare Service/a_Make Appointment' is clicked on

21-01-2025T18:45:18 - [MESSAGE][PASSED] - Object: 'Object Repository/Login V2/Page_CURA Healthcare Service/a_Make Appointment' is clicked on

21-01-2025T18:45:18 - [TEST_STEP][PASSED] - setText(findTestObject("Object Repository/Login V2/Page_CURA Healthcare Service/input_Username_username"), username): Text 'Eka' is set on object 'Object Repository/Login V2/Page_CURA Healthcare Service/input_Username_username'

21-01-2025T18:45:19 - [MESSAGE][PASSED] - Text 'Eka' is set on object 'Object Repository/Login V2/Page_CURA Healthcare Service/input_Username_username'

21-01-2025T18:45:19 - [TEST_STEP][PASSED] - setText(findTestObject("Object Repository/Login V2/Page_CURA Healthcare Service/input_Password_password"), password): Text 'Prasetyo' is set on object 'Object Repository/Login V2/Page_CURA Healthcare Service/input_Password_password'

21-01-2025T18:45:19 - [MESSAGE][PASSED] - Text 'Prasetyo' is set on object 'Object Repository/Login V2/Page_CURA Healthcare Service/input_Password_password'

21-01-2025T18:45:19 - [TEST_STEP][PASSED] - click(findTestObject("Object Repository/Login V2/Page_CURA Healthcare Service/button_Login")): Object: 'Object Repository/Login V2/Page_CURA Healthcare Service/button_Login' is clicked on

21-01-2025T18:45:20 - [MESSAGE][PASSED] - Object: 'Object Repository/Login V2/Page_CURA Healthcare Service/button_Login' is clicked on

21-01-2025T18:45:20 - [TEST_STEP][PASSED] - if (expectedResult == "Failure"): null

21-01-2025T18:45:20 - [TEST_STEP][PASSED] - verifyElementPresent(findTestObject("Object Repository/Login V2/Page_CURA Healthcare Service/p_Login failed Please ensure the username a_eb55b5"), 0, STOP_ON_FAILURE): Object 'Object Repository/Login V2/Page_CURA Healthcare Service/p_Login failed Please ensure the username a_eb55b5' is present

21-01-2025T18:45:20 - [MESSAGE][WARNING] - Timeout '0' is invalid. Using default page load timeout: '30'

21-01-2025T18:45:21 - [MESSAGE][PASSED] - Object 'Object Repository/Login V2/Page_CURA Healthcare Service/p_Login failed Please ensure the username a_eb55b5' is present

21-01-2025T18:45:21 - [TEST_STEP][PASSED] - verifyElementText(findTestObject("Object Repository/Login V2/Page_CURA Healthcare Service/p_Login failed Please ensure the username a_eb55b5"), "Login failed! Please ensure the username and password are valid.", STOP_ON_FAILURE): Actual text and expected text of test object 'Object Repository/Login V2/Page_CURA Healthcare Service/p_Login failed Please ensure the username a_eb55b5' are matched.

21-01-2025T18:45:21 - [MESSAGE][PASSED] - Actual text and expected text of test object 'Object Repository/Login V2/Page_CURA Healthcare Service/p_Login failed Please ensure the username a_eb55b5' are matched.

21-01-2025T18:45:21 - [TEST_STEP][PASSED] - comment("Login Failed as Expected. Pesan Error ditampilkan dengan benar."): Login Failed as Expected. Pesan Error ditampilkan dengan benar.

21-01-2025T18:45:21 - [MESSAGE][INFO] - Login Failed as Expected. Pesan Error ditampilkan dengan benar.

21-01-2025T18:45:21 - [TEST_STEP][PASSED] - message_failure = "Login gagal menggunakan username : " + username + " dan password : " + password: null

21-01-2025T18:45:21 - [TEST_STEP][PASSED] - println(message_failure): null

21-01-2025T18:45:21 - [TEST_STEP][PASSED] - closeBrowser(): Browser is closed

21-01-2025T18:45:21 - [MESSAGE][PASSED] - Browser is closed]]></system-out>
         <system-err><![CDATA[]]></system-err>
      </testcase>
      <testcase name="Test Cases/Login/Login V2" time="23.413" classname="Test Cases/Login/Login V2" status="PASSED">
         <system-out><![CDATA[21-01-2025T18:45:21 - [TEST_CASE][PASSED] - Test Cases/Login/Login V2: Test Cases/Login/Login V2

21-01-2025T18:45:21 - [TEST_STEP][PASSED] - testdata = findTestData("Data Files/Test Data Login V2"): null

21-01-2025T18:45:21 - [TEST_STEP][PASSED] - for ([i = 1, i <= testdata.getRowNumbers(), (i++)]): Browser is closed

21-01-2025T18:45:21 - [TEST_STEP][PASSED] - username = testdata.getValue(1, i): null

21-01-2025T18:45:21 - [TEST_STEP][PASSED] - password = testdata.getValue(2, i): null

21-01-2025T18:45:21 - [TEST_STEP][PASSED] - expectedResult = testdata.getValue(3, i): null

21-01-2025T18:45:21 - [TEST_STEP][PASSED] - comment("Testing with username : " + username + " dan password : " + password): Testing with username : John Doe dan password : ThisIsNotAPassword

21-01-2025T18:45:21 - [MESSAGE][INFO] - Testing with username : John Doe dan password : ThisIsNotAPassword

21-01-2025T18:45:21 - [TEST_STEP][PASSED] - openBrowser(""): Browser is opened with url: ''

21-01-2025T18:45:21 - [MESSAGE][INFO] - Starting 'Chrome' driver

21-01-2025T18:45:21 - [MESSAGE][INFO] - Action delay is set to 0 milliseconds

21-01-2025T18:45:22 - [MESSAGE][PASSED] - Browser is opened with url: ''

21-01-2025T18:45:22 - [TEST_STEP][PASSED] - navigateToUrl("https://katalon-demo-cura.herokuapp.com/"): Navigate to 'https://katalon-demo-cura.herokuapp.com/' successfully

21-01-2025T18:45:24 - [MESSAGE][PASSED] - Navigate to 'https://katalon-demo-cura.herokuapp.com/' successfully

21-01-2025T18:45:24 - [TEST_STEP][PASSED] - click(findTestObject("Object Repository/Login V2/Page_CURA Healthcare Service/a_Make Appointment")): Object: 'Object Repository/Login V2/Page_CURA Healthcare Service/a_Make Appointment' is clicked on

21-01-2025T18:45:25 - [MESSAGE][PASSED] - Object: 'Object Repository/Login V2/Page_CURA Healthcare Service/a_Make Appointment' is clicked on

21-01-2025T18:45:25 - [TEST_STEP][PASSED] - setText(findTestObject("Object Repository/Login V2/Page_CURA Healthcare Service/input_Username_username"), username): Text 'John Doe' is set on object 'Object Repository/Login V2/Page_CURA Healthcare Service/input_Username_username'

21-01-2025T18:45:26 - [MESSAGE][PASSED] - Text 'John Doe' is set on object 'Object Repository/Login V2/Page_CURA Healthcare Service/input_Username_username'

21-01-2025T18:45:26 - [TEST_STEP][PASSED] - setText(findTestObject("Object Repository/Login V2/Page_CURA Healthcare Service/input_Password_password"), password): Text 'ThisIsNotAPassword' is set on object 'Object Repository/Login V2/Page_CURA Healthcare Service/input_Password_password'

21-01-2025T18:45:26 - [MESSAGE][PASSED] - Text 'ThisIsNotAPassword' is set on object 'Object Repository/Login V2/Page_CURA Healthcare Service/input_Password_password'

21-01-2025T18:45:26 - [TEST_STEP][PASSED] - click(findTestObject("Object Repository/Login V2/Page_CURA Healthcare Service/button_Login")): Object: 'Object Repository/Login V2/Page_CURA Healthcare Service/button_Login' is clicked on

21-01-2025T18:45:27 - [MESSAGE][PASSED] - Object: 'Object Repository/Login V2/Page_CURA Healthcare Service/button_Login' is clicked on

21-01-2025T18:45:27 - [TEST_STEP][PASSED] - if (expectedResult == "Failure"): null

21-01-2025T18:45:27 - [TEST_STEP][PASSED] - else if (expectedResult == "Success"): null

21-01-2025T18:45:27 - [TEST_STEP][PASSED] - verifyElementNotPresent(findTestObject("Object Repository/Login V2/Page_CURA Healthcare Service/p_Login failed Please ensure the username a_eb55b5"), 0, STOP_ON_FAILURE): Web element with id: 'Object Repository/Login V2/Page_CURA Healthcare Service/p_Login failed Please ensure the username a_eb55b5' located by 'By.xpath: //section[@id='login']/div/div/div/p[2]' is not present after '30' second(s)

21-01-2025T18:45:27 - [MESSAGE][WARNING] - Timeout '0' is invalid. Using default page load timeout: '30'

21-01-2025T18:45:27 - [MESSAGE][PASSED] - Web element with id: 'Object Repository/Login V2/Page_CURA Healthcare Service/p_Login failed Please ensure the username a_eb55b5' located by 'By.xpath: //section[@id='login']/div/div/div/p[2]' is not present after '30' second(s)

21-01-2025T18:45:27 - [TEST_STEP][PASSED] - comment("Login Success"): Login Success

21-01-2025T18:45:27 - [MESSAGE][INFO] - Login Success

21-01-2025T18:45:27 - [TEST_STEP][PASSED] - message_success = "Login berhasil menggunakan username : " + username + " password : " + password: null

21-01-2025T18:45:27 - [TEST_STEP][PASSED] - println(message_success): null

21-01-2025T18:45:27 - [TEST_STEP][PASSED] - closeBrowser(): Browser is closed

21-01-2025T18:45:28 - [MESSAGE][PASSED] - Browser is closed

21-01-2025T18:45:28 - [TEST_STEP][PASSED] - username = testdata.getValue(1, i): null

21-01-2025T18:45:28 - [TEST_STEP][PASSED] - password = testdata.getValue(2, i): null

21-01-2025T18:45:28 - [TEST_STEP][PASSED] - expectedResult = testdata.getValue(3, i): null

21-01-2025T18:45:28 - [TEST_STEP][PASSED] - comment("Testing with username : " + username + " dan password : " + password): Testing with username : Jamal dan password : ludin

21-01-2025T18:45:28 - [MESSAGE][INFO] - Testing with username : Jamal dan password : ludin

21-01-2025T18:45:28 - [TEST_STEP][PASSED] - openBrowser(""): Browser is opened with url: ''

21-01-2025T18:45:28 - [MESSAGE][INFO] - Starting 'Chrome' driver

21-01-2025T18:45:28 - [MESSAGE][INFO] - Action delay is set to 0 milliseconds

21-01-2025T18:45:28 - [MESSAGE][PASSED] - Browser is opened with url: ''

21-01-2025T18:45:28 - [TEST_STEP][PASSED] - navigateToUrl("https://katalon-demo-cura.herokuapp.com/"): Navigate to 'https://katalon-demo-cura.herokuapp.com/' successfully

21-01-2025T18:45:31 - [MESSAGE][PASSED] - Navigate to 'https://katalon-demo-cura.herokuapp.com/' successfully

21-01-2025T18:45:31 - [TEST_STEP][PASSED] - click(findTestObject("Object Repository/Login V2/Page_CURA Healthcare Service/a_Make Appointment")): Object: 'Object Repository/Login V2/Page_CURA Healthcare Service/a_Make Appointment' is clicked on

21-01-2025T18:45:32 - [MESSAGE][PASSED] - Object: 'Object Repository/Login V2/Page_CURA Healthcare Service/a_Make Appointment' is clicked on

21-01-2025T18:45:32 - [TEST_STEP][PASSED] - setText(findTestObject("Object Repository/Login V2/Page_CURA Healthcare Service/input_Username_username"), username): Text 'Jamal' is set on object 'Object Repository/Login V2/Page_CURA Healthcare Service/input_Username_username'

21-01-2025T18:45:32 - [MESSAGE][PASSED] - Text 'Jamal' is set on object 'Object Repository/Login V2/Page_CURA Healthcare Service/input_Username_username'

21-01-2025T18:45:32 - [TEST_STEP][PASSED] - setText(findTestObject("Object Repository/Login V2/Page_CURA Healthcare Service/input_Password_password"), password): Text 'ludin' is set on object 'Object Repository/Login V2/Page_CURA Healthcare Service/input_Password_password'

21-01-2025T18:45:33 - [MESSAGE][PASSED] - Text 'ludin' is set on object 'Object Repository/Login V2/Page_CURA Healthcare Service/input_Password_password'

21-01-2025T18:45:33 - [TEST_STEP][PASSED] - click(findTestObject("Object Repository/Login V2/Page_CURA Healthcare Service/button_Login")): Object: 'Object Repository/Login V2/Page_CURA Healthcare Service/button_Login' is clicked on

21-01-2025T18:45:34 - [MESSAGE][PASSED] - Object: 'Object Repository/Login V2/Page_CURA Healthcare Service/button_Login' is clicked on

21-01-2025T18:45:34 - [TEST_STEP][PASSED] - if (expectedResult == "Failure"): null

21-01-2025T18:45:34 - [TEST_STEP][PASSED] - verifyElementPresent(findTestObject("Object Repository/Login V2/Page_CURA Healthcare Service/p_Login failed Please ensure the username a_eb55b5"), 0, STOP_ON_FAILURE): Object 'Object Repository/Login V2/Page_CURA Healthcare Service/p_Login failed Please ensure the username a_eb55b5' is present

21-01-2025T18:45:34 - [MESSAGE][WARNING] - Timeout '0' is invalid. Using default page load timeout: '30'

21-01-2025T18:45:34 - [MESSAGE][PASSED] - Object 'Object Repository/Login V2/Page_CURA Healthcare Service/p_Login failed Please ensure the username a_eb55b5' is present

21-01-2025T18:45:34 - [TEST_STEP][PASSED] - verifyElementText(findTestObject("Object Repository/Login V2/Page_CURA Healthcare Service/p_Login failed Please ensure the username a_eb55b5"), "Login failed! Please ensure the username and password are valid.", STOP_ON_FAILURE): Actual text and expected text of test object 'Object Repository/Login V2/Page_CURA Healthcare Service/p_Login failed Please ensure the username a_eb55b5' are matched.

21-01-2025T18:45:34 - [MESSAGE][PASSED] - Actual text and expected text of test object 'Object Repository/Login V2/Page_CURA Healthcare Service/p_Login failed Please ensure the username a_eb55b5' are matched.

21-01-2025T18:45:34 - [TEST_STEP][PASSED] - comment("Login Failed as Expected. Pesan Error ditampilkan dengan benar."): Login Failed as Expected. Pesan Error ditampilkan dengan benar.

21-01-2025T18:45:34 - [MESSAGE][INFO] - Login Failed as Expected. Pesan Error ditampilkan dengan benar.

21-01-2025T18:45:34 - [TEST_STEP][PASSED] - message_failure = "Login gagal menggunakan username : " + username + " dan password : " + password: null

21-01-2025T18:45:34 - [TEST_STEP][PASSED] - println(message_failure): null

21-01-2025T18:45:34 - [TEST_STEP][PASSED] - closeBrowser(): Browser is closed

21-01-2025T18:45:34 - [MESSAGE][PASSED] - Browser is closed

21-01-2025T18:45:34 - [TEST_STEP][PASSED] - username = testdata.getValue(1, i): null

21-01-2025T18:45:34 - [TEST_STEP][PASSED] - password = testdata.getValue(2, i): null

21-01-2025T18:45:34 - [TEST_STEP][PASSED] - expectedResult = testdata.getValue(3, i): null

21-01-2025T18:45:34 - [TEST_STEP][PASSED] - comment("Testing with username : " + username + " dan password : " + password): Testing with username : Eka dan password : Prasetyo

21-01-2025T18:45:34 - [MESSAGE][INFO] - Testing with username : Eka dan password : Prasetyo

21-01-2025T18:45:34 - [TEST_STEP][PASSED] - openBrowser(""): Browser is opened with url: ''

21-01-2025T18:45:34 - [MESSAGE][INFO] - Starting 'Chrome' driver

21-01-2025T18:45:34 - [MESSAGE][INFO] - Action delay is set to 0 milliseconds

21-01-2025T18:45:35 - [MESSAGE][PASSED] - Browser is opened with url: ''

21-01-2025T18:45:35 - [TEST_STEP][PASSED] - navigateToUrl("https://katalon-demo-cura.herokuapp.com/"): Navigate to 'https://katalon-demo-cura.herokuapp.com/' successfully

21-01-2025T18:45:41 - [MESSAGE][PASSED] - Navigate to 'https://katalon-demo-cura.herokuapp.com/' successfully

21-01-2025T18:45:41 - [TEST_STEP][PASSED] - click(findTestObject("Object Repository/Login V2/Page_CURA Healthcare Service/a_Make Appointment")): Object: 'Object Repository/Login V2/Page_CURA Healthcare Service/a_Make Appointment' is clicked on

21-01-2025T18:45:42 - [MESSAGE][PASSED] - Object: 'Object Repository/Login V2/Page_CURA Healthcare Service/a_Make Appointment' is clicked on

21-01-2025T18:45:42 - [TEST_STEP][PASSED] - setText(findTestObject("Object Repository/Login V2/Page_CURA Healthcare Service/input_Username_username"), username): Text 'Eka' is set on object 'Object Repository/Login V2/Page_CURA Healthcare Service/input_Username_username'

21-01-2025T18:45:42 - [MESSAGE][PASSED] - Text 'Eka' is set on object 'Object Repository/Login V2/Page_CURA Healthcare Service/input_Username_username'

21-01-2025T18:45:42 - [TEST_STEP][PASSED] - setText(findTestObject("Object Repository/Login V2/Page_CURA Healthcare Service/input_Password_password"), password): Text 'Prasetyo' is set on object 'Object Repository/Login V2/Page_CURA Healthcare Service/input_Password_password'

21-01-2025T18:45:43 - [MESSAGE][PASSED] - Text 'Prasetyo' is set on object 'Object Repository/Login V2/Page_CURA Healthcare Service/input_Password_password'

21-01-2025T18:45:43 - [TEST_STEP][PASSED] - click(findTestObject("Object Repository/Login V2/Page_CURA Healthcare Service/button_Login")): Object: 'Object Repository/Login V2/Page_CURA Healthcare Service/button_Login' is clicked on

21-01-2025T18:45:44 - [MESSAGE][PASSED] - Object: 'Object Repository/Login V2/Page_CURA Healthcare Service/button_Login' is clicked on

21-01-2025T18:45:44 - [TEST_STEP][PASSED] - if (expectedResult == "Failure"): null

21-01-2025T18:45:44 - [TEST_STEP][PASSED] - verifyElementPresent(findTestObject("Object Repository/Login V2/Page_CURA Healthcare Service/p_Login failed Please ensure the username a_eb55b5"), 0, STOP_ON_FAILURE): Object 'Object Repository/Login V2/Page_CURA Healthcare Service/p_Login failed Please ensure the username a_eb55b5' is present

21-01-2025T18:45:44 - [MESSAGE][WARNING] - Timeout '0' is invalid. Using default page load timeout: '30'

21-01-2025T18:45:44 - [MESSAGE][PASSED] - Object 'Object Repository/Login V2/Page_CURA Healthcare Service/p_Login failed Please ensure the username a_eb55b5' is present

21-01-2025T18:45:44 - [TEST_STEP][PASSED] - verifyElementText(findTestObject("Object Repository/Login V2/Page_CURA Healthcare Service/p_Login failed Please ensure the username a_eb55b5"), "Login failed! Please ensure the username and password are valid.", STOP_ON_FAILURE): Actual text and expected text of test object 'Object Repository/Login V2/Page_CURA Healthcare Service/p_Login failed Please ensure the username a_eb55b5' are matched.

21-01-2025T18:45:44 - [MESSAGE][PASSED] - Actual text and expected text of test object 'Object Repository/Login V2/Page_CURA Healthcare Service/p_Login failed Please ensure the username a_eb55b5' are matched.

21-01-2025T18:45:44 - [TEST_STEP][PASSED] - comment("Login Failed as Expected. Pesan Error ditampilkan dengan benar."): Login Failed as Expected. Pesan Error ditampilkan dengan benar.

21-01-2025T18:45:44 - [MESSAGE][INFO] - Login Failed as Expected. Pesan Error ditampilkan dengan benar.

21-01-2025T18:45:44 - [TEST_STEP][PASSED] - message_failure = "Login gagal menggunakan username : " + username + " dan password : " + password: null

21-01-2025T18:45:44 - [TEST_STEP][PASSED] - println(message_failure): null

21-01-2025T18:45:44 - [TEST_STEP][PASSED] - closeBrowser(): Browser is closed

21-01-2025T18:45:44 - [MESSAGE][PASSED] - Browser is closed]]></system-out>
         <system-err><![CDATA[]]></system-err>
      </testcase>
      <system-out><![CDATA[21-01-2025T18:44:34 - [TEST_SUITE][PASSED] - Login V2: Test Cases/Login/Login V2]]></system-out>
      <system-err><![CDATA[]]></system-err>
   </testsuite>
</testsuites>
